\BOOKMARK [0][-]{chapter*.1}{Important!!! Read the Instructions!!!}{}% 1
\BOOKMARK [0][-]{chapter*.2}{Acknowledgements}{}% 2
\BOOKMARK [0][-]{chapter*.3}{Preface}{}% 3
\BOOKMARK [0][-]{section*.4}{Contents}{}% 4
\BOOKMARK [0][-]{section*.5}{List of Figures}{}% 5
\BOOKMARK [0][-]{section*.6}{List of Tables}{}% 6
\BOOKMARK [0][-]{chapter*.8}{List of Abbreviations}{}% 7
\BOOKMARK [0][-]{chapter*.9}{List of Symbols}{}% 8
\BOOKMARK [0][-]{chapter.1}{Introduction}{}% 9
\BOOKMARK [1][-]{section.1.1}{Power system}{chapter.1}% 10
\BOOKMARK [1][-]{section.1.2}{Transformer}{chapter.1}% 11
\BOOKMARK [2][-]{subsection.1.2.1}{Working of transformer}{section.1.2}% 12
\BOOKMARK [1][-]{section.1.3}{Types of Transformers}{chapter.1}% 13
\BOOKMARK [1][-]{section.1.4}{Objective of this thesis}{chapter.1}% 14
\BOOKMARK [0][-]{chapter.2}{Literature-review}{}% 15
\BOOKMARK [1][-]{section.2.1}{The Working of a Transformer}{chapter.2}% 16
\BOOKMARK [1][-]{section.2.2}{Transformer Protection}{chapter.2}% 17
\BOOKMARK [2][-]{subsection.2.2.1}{Transformer Differential \(87T\)}{section.2.2}% 18
\BOOKMARK [2][-]{subsection.2.2.2}{Restricted earth fault or ground differential protection \(87GN\)}{section.2.2}% 19
\BOOKMARK [2][-]{subsection.2.2.3}{Ground instantaneous and inverse time Overcurrent \(50G/51G\)}{section.2.2}% 20
\BOOKMARK [2][-]{subsection.2.2.4}{Thermal Protection \(49\)}{section.2.2}% 21
\BOOKMARK [2][-]{subsection.2.2.5}{Transformer fault}{section.2.2}% 22
\BOOKMARK [2][-]{subsection.2.2.6}{Detection of transformer internal faults}{section.2.2}% 23
\BOOKMARK [0][-]{section*.21}{Bibliography}{}% 24
